0000000000000000 T __code_start
0000000000000000 0000000000000401 b __fixedpath
0000000000000000 A __start__
0000000000000000 T _start
0000000000000000 b _TLS_MODULE_BASE_
0000000000000080 t startup
00000000000000a4 t bssclr_start
00000000000000cc t bss_loop
0000000000000120 T __nx_exit
0000000000000130 T __nx_mod0
0000000000000158 T _init
00000000000001c0 0000000000000038 T exit
0000000000000200 0000000000000114 T main
0000000000000318 t deregister_tm_clones
0000000000000348 t register_tm_clones
0000000000000380 t __do_global_dtors_aux
00000000000003c8 t frame_dummy
0000000000000400 0000000000000220 t ipcPrepareHeader
0000000000000408 0000000000002000 b tmp_buffer.7247
0000000000000620 000000000000022c t ipcParse
0000000000000850 00000000000000b0 t serviceIpcParse
0000000000000900 0000000000000078 t ipcConvertSessionToDomain
0000000000000980 0000000000000084 t ipcCloneSession.constprop.52
0000000000000a10 0000000000000034 t ipcCloseObjectById
0000000000000a50 000000000000006c t serviceClose
0000000000000ac0 000000000000019c t _appletReceiveMessage
0000000000000c60 0000000000000164 t _appletCmdNoIO
0000000000000dd0 000000000000018c t _appletGetOperationMode.constprop.43
0000000000000f60 000000000000018c t _appletGetCurrentFocusState.constprop.45
00000000000010f0 000000000000018c t _appletGetPerformanceMode.constprop.44
0000000000001280 00000000000001d8 t _appletGetSession
0000000000001460 000000000000017c t _appletCmdNoInOut64
00000000000015e0 0000000000000164 t _appletSetOperationModeChangedNotification.constprop.46
0000000000001750 000000000000016c t _appletSetOutOfFocusSuspendingEnabled
00000000000018c0 0000000000000164 t _appletSetPerformanceModeChangedNotification.constprop.47
0000000000001a30 000000000000016c t _appletCmdInU32.constprop.48
0000000000001ba0 000000000000017c t _appletSetFocusHandlingMode
0000000000001d20 0000000000000178 t _appletGetHandle.constprop.42
0000000000001ea0 0000000000000054 t _appletGetEvent.constprop.41
0000000000001f00 00000000000001f0 t _appletGetSessionProxy.constprop.40
00000000000020f0 0000000000000010 T appletGetAppletType
0000000000002100 00000000000000f0 T appletSetFocusHandlingMode
00000000000021f0 0000000000000028 T appletGetAppletResourceUserId
0000000000002220 0000000000000174 T appletNotifyRunning
00000000000023a0 0000000000000158 T appletSetGamePlayRecordingState
0000000000002408 0000000000002000 b tmp_buffer.7271
0000000000002500 0000000000000050 T appletSetCpuBoostMode
0000000000002550 00000000000005dc T appletExit
0000000000002b30 00000000000004f0 T appletInitialize
0000000000003020 0000000000000010 t _appletExitProcess
0000000000003030 0000000000000014 T appletCreateManagedDisplayLayer
0000000000003050 000000000000005c T appletGetMessage
00000000000030b0 0000000000000118 T appletProcessMessage
00000000000031d0 0000000000000034 T appletMainLoop
0000000000003210 0000000000000034 t ipcCloseObjectById
0000000000003250 0000000000000124 t _hidGetSharedMemoryHandle.constprop.10
0000000000003380 0000000000000100 t _hidCmdWithNoInput
0000000000003480 0000000000000134 t _hidCreateAppletResource.constprop.9
00000000000035c0 000000000000010c t _hidCmdWithInputU32
00000000000036d0 0000000000000108 t _hidCmdWithInputU64.constprop.11
00000000000037e0 00000000000001e0 T hidReset
00000000000039c0 000000000000000c T hidGetSharedmemAddr
00000000000039d0 000000000000006c T hidKeysDown
0000000000003a40 000000000000000c T hidTouchCount
0000000000003a50 0000000000000578 T hidScanInput
0000000000003fd0 0000000000000054 T hidTouchRead
0000000000004030 0000000000000198 T hidSetSupportedNpadIdType
00000000000041d0 000000000000000c T hidSetSupportedNpadStyleSet
00000000000041e0 0000000000000008 T hidSetNpadJoyHoldType
00000000000041f0 000000000000000c T hidSetNpadJoyAssignmentModeDual
0000000000004200 000000000000012c T hidExit
0000000000004330 0000000000000168 T hidInitialize
00000000000044a0 0000000000000034 t ipcCloseObjectById
00000000000044e0 0000000000000124 t _apmGetSession.constprop.4
0000000000004610 00000000000000f0 T apmExit
0000000000004700 0000000000000070 T apmInitialize
0000000000004770 00000000000000cc T apmSetPerformanceConfiguration
0000000000004840 0000000000000140 t _fatalImpl
0000000000004980 0000000000000014 T fatalWithType
00000000000049a0 0000000000000014 T fatalSimple
00000000000049c0 0000000000000044 T smAddOverrideHandle
0000000000004a10 0000000000000060 T smGetServiceOverride
0000000000004a70 0000000000000014 T smHasInitialized
0000000000004a90 000000000000005c T smExit
0000000000004af0 0000000000000038 T smEncodeName
0000000000004b30 000000000000012c T smGetServiceOriginal
0000000000004c60 00000000000001a0 T smInitialize
0000000000004e00 0000000000000074 T smGetService
0000000000004e80 0000000000000010 T hosversionGet
0000000000004e90 0000000000000010 T hosversionSet
0000000000004ea0 0000000000000208 T envSetup
00000000000050b0 0000000000000020 T envGetMainThreadHandle
00000000000050d0 000000000000000c T envIsNso
00000000000050e0 0000000000000014 T envHasHeapOverride
0000000000005100 000000000000000c T envGetHeapOverrideAddr
0000000000005110 000000000000000c T envGetHeapOverrideSize
0000000000005120 0000000000000014 T envHasArgv
0000000000005140 000000000000000c T envGetArgv
0000000000005150 000000000000000c T envGetExitFuncPtr
0000000000005160 000000000000000c T envSetExitFuncPtr
0000000000005170 0000000000000044 t consoleDrawChar
00000000000051c0 0000000000000140 t consoleClearLine
0000000000005300 000000000000004c t consoleNewRow
0000000000005350 0000000000000118 t consolePrintChar
0000000000005470 000000000000015c t consoleCls
00000000000055d0 00000000000007e0 t con_write
0000000000005db0 000000000000011c T consoleInit
0000000000005ed0 0000000000000048 T consoleExit
0000000000005f20 0000000000000028 T consoleUpdate
0000000000005f50 000000000000000c T consoleClear
0000000000005f60 0000000000000070 t ConsoleSwRenderer_flushAndSwap
0000000000005fd0 00000000000000c4 t ConsoleSwRenderer_scrollWindow
00000000000060a0 0000000000000188 t ConsoleSwRenderer_drawChar
0000000000006230 000000000000003c t ConsoleSwRenderer_deinit
0000000000006270 00000000000000f4 t ConsoleSwRenderer_init
0000000000006370 000000000000000c W getDefaultConsoleRenderer
000000000000637c T svcSetHeapSize
0000000000006390 T svcSetMemoryAttribute
0000000000006398 T svcUnmapMemory
00000000000063a0 T svcQueryMemory
00000000000063b4 T svcExitProcess
00000000000063bc T svcSleepThread
00000000000063c4 T svcMapSharedMemory
00000000000063cc T svcUnmapSharedMemory
00000000000063d4 T svcCreateTransferMemory
00000000000063e8 T svcCloseHandle
00000000000063f0 T svcResetSignal
00000000000063f8 T svcWaitSynchronization
000000000000640c T svcArbitrateLock
0000000000006414 T svcArbitrateUnlock
000000000000641c T svcWaitProcessWideKeyAtomic
0000000000006424 T svcSignalProcessWideKey
000000000000642c T svcConnectToNamedPort
0000000000006440 T svcSendSyncRequest
0000000000006448 T svcBreak
0000000000006450 T svcReturnFromException
0000000000006458 T svcGetInfo
000000000000646c T svcUnmapTransferMemory
0000000000006480 000000000000017c T detectKernelVersion
0000000000006600 0000000000000030 T detectDebugger
0000000000006630 0000000000000014 T shmemLoadRemote
0000000000006650 0000000000000084 T shmemMap
00000000000066e0 0000000000000058 T shmemUnmap
0000000000006740 0000000000000044 T shmemClose
0000000000006790 0000000000000104 t _waitLoop
00000000000068a0 0000000000000338 t _waitObjectsImpl
0000000000006be0 000000000000000c T waitObjects
0000000000006bf0 0000000000000058 T rwlockReadLock
0000000000006c50 000000000000005c T rwlockReadUnlock
0000000000006cb0 0000000000000084 T rwlockWriteLock
0000000000006d40 000000000000003c T rwlockWriteUnlock
0000000000006d80 00000000000000a8 T tmemCreate
0000000000006e30 0000000000000058 T tmemUnmap
0000000000006e90 0000000000000068 T tmemClose
0000000000006f00 000000000000008c T mutexLock
0000000000006f90 0000000000000030 T mutexUnlock
0000000000006fc0 000000000000004c T rmutexLock
0000000000007010 000000000000001c T rmutexUnlock
0000000000007030 000000000000007c t _GetRegionFromInfo.isra.1
00000000000070b0 0000000000000114 T virtmemSetup
00000000000071d0 000000000000013c T virtmemReserve
0000000000007310 0000000000000004 T virtmemFree
0000000000007320 000000000000000c T eventLoadRemote
0000000000007330 0000000000000038 T eventWait
0000000000007370 0000000000000050 T eventClose
00000000000073c0 0000000000000060 T condvarWaitTimeout
0000000000007420 0000000000000080 T framebufferMakeLinear
00000000000074a0 0000000000000078 T framebufferClose
0000000000007520 0000000000000298 T framebufferCreate
00000000000077c0 0000000000000080 T framebufferBegin
0000000000007840 000000000000017c T framebufferEnd
00000000000079c0 000000000000000c T nwindowGetDefault
00000000000079d0 00000000000000c8 T __nx_win_init
0000000000007aa0 0000000000000034 T __nx_win_exit
0000000000007ae0 0000000000000054 t _nwindowConnect
0000000000007b40 0000000000000040 t _nwindowDisconnect
0000000000007b80 0000000000000024 T nwindowIsValid
0000000000007bb0 000000000000006c T nwindowClose
0000000000007c20 00000000000000c4 T nwindowCreate
0000000000007cf0 000000000000000c T nwindowCreateFromLayer
0000000000007d00 0000000000000088 T nwindowSetDimensions
0000000000007d90 0000000000000154 T nwindowConfigureBuffer
0000000000007ef0 00000000000001e4 T nwindowDequeueBuffer
00000000000080e0 0000000000000144 T nwindowQueueBuffer
0000000000008230 00000000000000ac T nwindowReleaseBuffers
00000000000082e0 00000000000000a0 T __nx_dynamic
0000000000008380 00000000000000d8 W __libnx_initheap
0000000000008460 00000000000000dc W __appInit
0000000000008540 0000000000000044 W __appExit
0000000000008590 0000000000000028 W __libnx_init
00000000000085c0 0000000000000020 W __libnx_exit
00000000000085e0 000000000000001c T __syscall_exit
0000000000008600 0000000000000034 T __syscall_getreent
0000000000008640 0000000000000004 T __syscall_lock_acquire
0000000000008650 0000000000000004 T __syscall_lock_release
0000000000008660 0000000000000004 T __syscall_lock_acquire_recursive
0000000000008670 0000000000000004 T __syscall_lock_release_recursive
0000000000008680 000000000000027c T __libnx_init_time
0000000000008900 0000000000000080 T newlibSetup
0000000000008980 0000000000000324 T argvSetup
0000000000008cb0 0000000000000010 t fsdev_link
0000000000008cc0 0000000000000010 t fsdev_dirreset
0000000000008cd0 0000000000000010 t fsdev_chmod
0000000000008ce0 000000000000001c t error_cmp
0000000000008d00 0000000000000058 t fsdev_translate_error
0000000000008d60 0000000000000040 t fsdev_fsync
0000000000008da0 0000000000000060 t fsdev_ftruncate
0000000000008e00 0000000000000020 t fsdev_dirclose
0000000000008e20 000000000000016c t fsdev_dirnext
0000000000008f90 000000000000001c t fsdev_close
0000000000008fb0 00000000000000a4 t fsdev_fstat
0000000000009060 00000000000000b0 t fsdev_seek
0000000000009110 0000000000000198 t fsdev_read
00000000000092b0 00000000000001a0 t fsdev_write
0000000000009450 0000000000000120 t fsdevFindDevice
0000000000009570 0000000000000140 t _fsdevMountDevice
00000000000096b0 00000000000001fc t fsdev_getfspath
00000000000098b0 0000000000000070 t fsdev_rmdir
0000000000009920 00000000000000d4 t fsdev_statvfs
0000000000009a00 00000000000000ec t fsdev_diropen
0000000000009af0 0000000000000070 t fsdev_mkdir
0000000000009b60 0000000000000114 t fsdev_rename
0000000000009c80 00000000000000e8 t fsdev_chdir
0000000000009d70 0000000000000070 t fsdev_unlink
0000000000009de0 00000000000001bc t fsdev_stat
0000000000009fa0 000000000000019c t fsdev_open
000000000000a140 00000000000000b8 t _fsdevUnmountDeviceStruct.part.4
000000000000a200 0000000000000010 t fsdev_fchmod
000000000000a210 0000000000000170 T fsdevMountSdmc
000000000000a380 0000000000000064 T fsdevUnmountAll
000000000000a3f0 000000000000012c T decode_utf8
000000000000a51c T armDCacheFlush
000000000000a540 t armDCacheFlush_L0
000000000000a558 W __libnx_exception_entry
000000000000a5e4 t __libnx_exception_entry_start
000000000000a70c t __libnx_exception_entry_abort
000000000000a710 t __libnx_exception_entry_end
000000000000a718 T __libnx_exception_returnentry
000000000000a730 T __aarch64_read_tp
000000000000a740 0000000000000034 t ipcCloseObjectById
000000000000a780 00000000000000d8 t _nvSetClientPID
000000000000a860 00000000000000c8 t ipcQueryPointerBufferSize.constprop.10
000000000000a930 00000000000000f0 t _nvInitialize.constprop.8
000000000000aa20 000000000000010c t ipcCloneSession.constprop.9
000000000000ab30 0000000000000100 T nvExit
000000000000ac30 0000000000000184 T nvInitialize
000000000000adc0 000000000000012c T nvConvertError
000000000000aef0 000000000000012c T nvOpen
000000000000b020 0000000000000270 T nvIoctl
000000000000b290 00000000000000dc T nvClose
000000000000b370 000000000000015c T nvQueryEvent
000000000000b4d0 0000000000000034 t ipcCloseObjectById
000000000000b510 000000000000012c t _timeGetSession
000000000000b640 00000000000001ec T timeExit
000000000000b830 00000000000000d8 T timeInitialize
000000000000b910 0000000000000124 T timeGetCurrentTime
000000000000ba40 0000000000000118 T timeToCalendarTimeWithMyRule
000000000000bb60 0000000000000034 t ipcCloseObjectById
000000000000bba0 0000000000000134 t _viGetSession.constprop.7
000000000000bce0 00000000000001e4 T viExit
000000000000bed0 00000000000002f8 T viInitialize
000000000000c1d0 000000000000000c T viGetSession_IHOSBinderDriverRelay
000000000000c1e0 0000000000000140 T viOpenDisplay
000000000000c320 0000000000000104 T viCloseDisplay
000000000000c430 0000000000000104 T viCloseLayer
000000000000c540 0000000000000370 T viCreateLayer
000000000000c8b0 00000000000000e8 T viSetLayerScalingMode
000000000000c9a0 0000000000000034 t ipcCloseObjectById
000000000000c9e0 00000000000001d4 t _setsysGetFirmwareVersionImpl
000000000000cbc0 000000000000003c T setsysInitialize
000000000000cc00 000000000000009c T setsysExit
000000000000cca0 0000000000000044 T setsysGetFirmwareVersion
000000000000ccf0 0000000000000220 t ipcPrepareHeader
000000000000cf10 000000000000022c t ipcParse
000000000000d140 00000000000000b0 t serviceIpcParse
000000000000d1f0 0000000000000034 t ipcCloseObjectById
000000000000d230 0000000000000200 T fsInitialize
000000000000d430 000000000000009c T fsExit
000000000000d4d0 00000000000001cc T fsMountSdcard
000000000000d6a0 00000000000001a4 T fsFsCreateFile
000000000000d850 000000000000019c T fsFsDeleteFile
000000000000d9f0 000000000000019c T fsFsCreateDirectory
000000000000db90 000000000000019c T fsFsDeleteDirectory
000000000000dd30 0000000000000214 T fsFsRenameFile
000000000000df50 0000000000000214 T fsFsRenameDirectory
000000000000e170 00000000000001b0 T fsFsGetEntryType
000000000000e320 00000000000001e4 T fsFsOpenFile
000000000000e510 00000000000001f8 T fsFsOpenDirectory
000000000000e710 00000000000001b0 T fsFsGetFreeSpace
000000000000e8c0 00000000000001b0 T fsFsGetTotalSpace
000000000000ea70 0000000000000194 T fsFsGetFileTimeStampRaw
000000000000ec10 000000000000006c T fsFsClose
000000000000ec80 00000000000001f0 T fsFileRead
000000000000ee70 00000000000001b8 T fsFileWrite
000000000000f030 000000000000016c T fsFileFlush
000000000000f1a0 0000000000000174 T fsFileSetSize
000000000000f320 0000000000000194 T fsFileGetSize
000000000000f4c0 000000000000006c T fsFileClose
000000000000f530 000000000000006c T fsDirClose
000000000000f5a0 00000000000001ec T fsDirRead
000000000000f790 0000000000000060 t _nvFenceEventWaitCommon
000000000000f7f0 000000000000005c T nvFenceInit
000000000000f850 0000000000000098 T nvFenceExit
000000000000f8f0 00000000000001e4 T nvFenceWait
000000000000fae0 000000000000007c T nvMultiFenceWait
000000000000fb60 000000000000006c T nvMapInit
000000000000fbd0 0000000000000068 T nvMapExit
000000000000fc40 0000000000000084 T nvMapClose
000000000000fcd0 0000000000000150 T nvMapCreate
000000000000fe20 0000000000000024 T nvioctlNvhostCtrl_EventSignal
000000000000fe50 000000000000003c T nvioctlNvhostCtrl_EventWait
000000000000fe90 0000000000000028 T nvioctlNvhostCtrl_EventWaitAsync
000000000000fec0 0000000000000024 T nvioctlNvhostCtrl_EventRegister
000000000000fef0 0000000000000024 T nvioctlNvhostCtrl_EventUnregister
000000000000ff20 000000000000003c T nvioctlNvmap_Create
000000000000ff60 0000000000000030 T nvioctlNvmap_Alloc
000000000000ff90 0000000000000030 T nvioctlNvmap_Free
000000000000ffc0 000000000000003c T nvioctlNvmap_GetId
0000000000010000 00000000000000e8 T bqRequestBuffer
00000000000100f0 0000000000000154 T bqDequeueBuffer
0000000000010250 000000000000009c T bqDetachBuffer
00000000000102f0 00000000000000e0 T bqQueueBuffer
00000000000103d0 0000000000000090 T bqCancelBuffer
0000000000010460 00000000000000e4 T bqConnect
0000000000010550 000000000000009c T bqDisconnect
00000000000105f0 0000000000000178 T bqSetPreallocatedBuffer
0000000000010770 0000000000000138 t _binderTransactParcel
00000000000108b0 00000000000000c8 t ipcQueryPointerBufferSize
0000000000010980 0000000000000248 t _binderTransactParcelAuto
0000000000010bd0 0000000000000014 T binderCreate
0000000000010bf0 0000000000000010 T binderTransactParcel
0000000000010c00 0000000000000124 T binderConvertErrorCode
0000000000010d30 00000000000000e8 T binderAdjustRefcount
0000000000010e20 0000000000000074 T binderClose
0000000000010ea0 00000000000000c8 T binderInitSession
0000000000010f70 0000000000000144 T binderGetNativeHandle
00000000000110c0 0000000000000028 T parcelCreate
00000000000110f0 000000000000019c T parcelTransact
0000000000011290 0000000000000088 T parcelWriteData
0000000000011320 0000000000000098 T parcelReadData
00000000000113c0 0000000000000020 T parcelWriteInt32
00000000000113e0 0000000000000020 T parcelWriteUInt32
0000000000011400 0000000000000080 T parcelWriteString16
0000000000011480 0000000000000030 T parcelWriteInterfaceToken
00000000000114b0 0000000000000024 T parcelReadInt32
00000000000114e0 0000000000000068 T parcelReadFlattenedObject
0000000000011550 0000000000000044 T parcelWriteFlattenedObject
00000000000115a0 00000000000000c4 T nxlinkSetup
0000000000011668 0000000000000038 T aligned_alloc
00000000000116a0 00000000000000b8 T bsearch
0000000000011758 0000000000000030 T calloc
0000000000011788 0000000000000094 T _calloc_r
0000000000011820 0000000000000014 T __errno
0000000000011838 0000000000000044 T __libc_fini_array
0000000000011880 000000000000008c T __libc_init_array
0000000000011910 0000000000000030 T memalign
0000000000011940 0000000000000198 T _memalign_r
0000000000011ad8 000000000000001c T malloc
0000000000011af8 000000000000001c T free
0000000000011b18 000000000000087c T _malloc_r
0000000000012394 00000000000000d8 T memchr
0000000000012480 000000000000016c T memcpy
0000000000012600 00000000000001dc T memset
00000000000127e0 000000000000000c T __malloc_lock
00000000000127f0 000000000000000c T __malloc_unlock
0000000000012800 000000000000008c T printf
0000000000012890 000000000000003c T setenv
00000000000128d0 0000000000000264 T _setenv_r
0000000000012b38 000000000000025c T setvbuf
0000000000012d98 00000000000000bc T sscanf
0000000000012e58 0000000000000050 T __sread
0000000000012ea8 0000000000000008 T __seofread
0000000000012eb0 000000000000006c T __swrite
0000000000012f20 0000000000000050 T __sseek
0000000000012f70 0000000000000008 T __sclose
0000000000012f78 00000000000000dc T strchr
0000000000013080 0000000000000140 T strlen
00000000000131c0 0000000000000084 T strncat
000000000001329c 00000000000001b8 T strncmp
0000000000013458 00000000000000a8 T strncpy
0000000000013524 00000000000000e0 T strnlen
00000000000135e0 00000000000001ac t _strtoul_l.isra.0
0000000000013790 0000000000000034 T _strtoul_r
00000000000137c8 0000000000000048 T strtoul
0000000000013810 000000000000005c t get_arg
000000000001386c 0000000000002fd8 T __ssvfscanf_r
0000000000016844 000000000000076c t get_arg
0000000000016fb0 0000000000003c28 T _vfprintf_r
000000000001abd8 00000000000000ec t __sbprintf
000000000001acc8 00000000000000d0 T _wcrtomb_r
000000000001ad98 0000000000000010 T _wcsrtombs_r
000000000001ada8 0000000000000140 T __swsetup_r
000000000001aee8 0000000000000124 T __call_exitprocs
000000000001b010 00000000000001a8 t quorem
000000000001b1b8 00000000000010dc T _dtoa_r
000000000001c298 000000000000000c T __env_lock
000000000001c2a8 000000000000000c T __env_unlock
000000000001c2b8 0000000000000214 T __sflush_r
000000000001c4d0 00000000000000b8 T _fflush_r
000000000001c588 0000000000000078 t std
000000000001c600 000000000000000c T _cleanup_r
000000000001c610 000000000000000c T __sfp_lock_acquire
000000000001c620 000000000000000c T __sfp_lock_release
000000000001c630 000000000000000c T __sinit_lock_acquire
000000000001c640 000000000000000c T __sinit_lock_release
000000000001c650 0000000000000080 T __sinit
000000000001c6d0 0000000000000118 T _malloc_trim_r
000000000001c7e8 00000000000002f4 T _free_r
000000000001cae0 00000000000000bc T _fwalk_reent
000000000001cba0 0000000000000100 T _findenv_r
000000000001cca0 0000000000000008 T iswspace
000000000001cca8 0000000000000008 T __localeconv_l
000000000001ccb0 0000000000000028 T _localeconv_r
000000000001ccd8 000000000000002c T __locale_mb_cur_max
000000000001cd08 00000000000000a4 T __swhatbuf_r
000000000001cdb0 000000000000010c T __smakebuf_r
000000000001cec0 00000000000000d8 T _mbrtowc_r
000000000001cf98 00000000000002c8 T __utf8_mbtowc
000000000001d260 0000000000000090 T _Balloc
000000000001d2f0 000000000000001c T _Bfree
000000000001d310 00000000000000e8 T __multadd
000000000001d3f8 0000000000000120 T __s2b
000000000001d518 000000000000005c T __hi0bits
000000000001d578 00000000000000a0 T __lo0bits
000000000001d618 000000000000002c T __i2b
000000000001d648 00000000000001c8 T __multiply
000000000001d810 0000000000000104 T __pow5mult
000000000001d918 0000000000000134 T __lshift
000000000001da50 0000000000000050 T __mcmp
000000000001daa0 000000000000014c T __mdiff
000000000001dbf0 0000000000000068 T __ulp
000000000001dc58 0000000000000150 T __b2d
000000000001dda8 0000000000000138 T __d2b
000000000001dee0 00000000000000a0 T __ratio
000000000001df80 0000000000000068 T __copybits
000000000001dfe8 0000000000000084 T __any_on
000000000001e070 0000000000000030 T realloc
000000000001e0a0 000000000000056c T _realloc_r
000000000001e610 00000000000000bc T __sccl
000000000001e6d0 000000000000000c T nanf
000000000001e6e0 000000000000007c T frexp
000000000001e760 00000000000000a8 T sprintf
000000000001e808 00000000000000c8 T stpncpy
000000000001e900 00000000000000e4 T strcmp
000000000001e9e8 0000000000000054 t sulp
000000000001ea40 00000000000010e8 T _strtod_l
000000000001fb28 0000000000000040 T _strtod_r
000000000001fb68 00000000000001a0 t _strtoll_l.isra.0
000000000001fd08 0000000000000034 T _strtoll_r
000000000001fd40 00000000000001a0 t _strtol_l.isra.0
000000000001fee0 0000000000000034 T _strtol_r
000000000001ff18 00000000000001ac t _strtoull_l.isra.0
00000000000200c8 0000000000000034 T _strtoull_r
00000000000200fc 00000000000001c0 T __ssprint_r
00000000000202bc 00000000000000f4 T _sungetc_r
00000000000203b0 0000000000000070 T __ssrefill_r
0000000000020420 00000000000000e0 T _sfread_r
0000000000020500 000000000000076c t get_arg
0000000000020c6c 0000000000003b38 T _svfprintf_r
00000000000247a8 00000000000000c8 T __submore
0000000000024870 000000000000003c T __sprint_r
00000000000248b0 00000000000001dc T _wcsnrtombs_l
0000000000024a90 0000000000000054 T _wcsnrtombs_r
0000000000024ae8 00000000000000e4 T __utf8_wctomb
0000000000024bd0 000000000000015c T _fclose_r
0000000000024d30 00000000000004b8 T __sfvwrite_r
00000000000251e8 0000000000000114 t rshift
0000000000025300 00000000000007e8 T __gethex
0000000000025ae8 0000000000000048 T __match
0000000000025b30 000000000000022c T __hexnan
0000000000025d60 000000000000004c T iswspace_l
0000000000025db0 0000000000000244 t __jp2uc
0000000000025ff8 00000000000000bc T _jp2uc_l
00000000000260c0 00000000000000ac T memmove
0000000000026170 000000000000000c T nan
0000000000026180 0000000000000088 T category
0000000000026208 0000000000000008 t null_write
0000000000026210 0000000000000018 T setDefaultDevice
0000000000026228 0000000000000108 T FindDevice
0000000000026330 0000000000000034 T RemoveDevice
0000000000026368 00000000000000d8 T AddDevice
0000000000026440 00000000000000a8 T _close_r
00000000000264e8 0000000000000080 T _fstat_r
0000000000026568 0000000000000008 T _isatty_r
0000000000026570 0000000000000094 T _lseek_r
0000000000026608 00000000000000a4 T _read_r
00000000000266b0 0000000000000078 T _sbrk_r
0000000000026728 00000000000000a4 T _write_r
00000000000267d0 0000000000000020 T _exit
00000000000267f0 0000000000000234 T _concatenate_path
0000000000026a28 0000000000000178 T chdir
0000000000026ba0 0000000000000014 T __libc_lock_acquire
0000000000026bb8 0000000000000014 T __libc_lock_release
0000000000026bd0 000000000000000c T __libc_lock_init_recursive
0000000000026be0 0000000000000014 T __libc_lock_acquire_recursive
0000000000026bf8 0000000000000014 T __libc_lock_release_recursive
0000000000026c10 0000000000000004 T __libc_lock_close_recursive
0000000000026c18 000000000000003c T __free_handle
0000000000026c58 0000000000000058 T __release_handle
0000000000026cb0 0000000000000020 T __get_handle
0000000000026cd0 0000000000000020 T __getreent
0000000000026cf0 0000000000000150 t __extenddftf2
0000000000026e40 0000000000000348 t __trunctfdf2
0000000000027188 0000000000000070 t __sfp_handle_exceptions
00000000000271f8 0000000000000100 T strrchr
00000000000272f8 T _fini
0000000000028000 R __rodata_start
0000000000028098 0000000000000014 r CSWTCH.93
00000000000281f0 0000000000000030 r colorTable
0000000000028220 R default_font_bin
000000000002a220 R default_font_bin_end
000000000002a220 R default_font_bin_size
000000000002a228 0000000000000038 r g_nvColorFmtTable
000000000002a278 0000000000000020 r error_table
000000000002a318 0000000000000023 r g_bq_InterfaceDescriptor
000000000002a350 0000000000000101 R _ctype_
000000000002a518 0000000000000022 r basefix.6623
000000000002a6c8 0000000000000010 r blanks.6605
000000000002a6d8 0000000000000010 r zeroes.6606
000000000002a778 0000000000000028 R __mprec_bigtens
000000000002a7a0 00000000000000c8 R __mprec_tens
000000000002a868 000000000000000c r p05.5339
000000000002a8a8 0000000000000014 r fpi.5419
000000000002a8c0 0000000000000014 r fpinan.5455
000000000002a8d8 0000000000000028 r tinytens
000000000002a900 000000000000006c R __action_table
000000000002a970 0000000000000100 R __chclass
000000000002aa70 000000000000006c R __state_table
000000000002ac28 0000000000000010 r blanks.6590
000000000002ac38 0000000000000010 r zeroes.6591
000000000002ac48 0000000000000100 R __hexdig
000000000002ad60 00000000000000bc r a1
000000000002ae20 00000000000000bc r a2
000000000002aee0 000000000000005b r a3
000000000002af40 0000000000000070 r a6
000000000002afb0 00000000000000a2 r a7
000000000002b058 0000000000000040 r a8
000000000002b098 000000000000172a r b02cf
000000000002c7c8 0000000000001a7c r d02f4
000000000002e248 000000000000309c r categories
00000000000312f0 0000000000000003 R DIRECTORY_PARENT
00000000000312f8 r __EH_FRAME_BEGIN__
00000000000312f8 R __eh_frame_hdr_end
00000000000312f8 R __eh_frame_hdr_start
0000000000036b04 r __FRAME_END__
0000000000036b08 a _DYNAMIC
000000000003a000 R __data_start
000000000003a000 t __frame_dummy_init_array_entry
000000000003a000 T __init_array_start
000000000003a000 B __preinit_array_end
000000000003a000 B __preinit_array_start
000000000003a000 D __tdata_lma
000000000003a000 D __tdata_lma_end
000000000003a008 t __do_global_dtors_aux_fini_array_entry
000000000003a008 T __fini_array_start
000000000003a008 T __init_array_end
000000000003a010 T __fini_array_end
000000000003a010 T __got_start__
000000000003a010 a _GLOBAL_OFFSET_TABLE_
000000000003a280 D __got_end__
000000000003a280 0000000000000001 V __nx_applet_auto_notifyrunning
000000000003a284 0000000000000004 V __nx_applet_type
000000000003a288 0000000000000001 d firstConsoleInit.6161
000000000003a290 0000000000000058 d defaultConsole
000000000003a2e8 0000000000000008 d currentConsole
000000000003a2f0 00000000000000e0 d dotab_stdout
000000000003a3d0 0000000000000088 d s_consoleSwRenderer
000000000003a458 0000000000000008 V __nx_exception_stack_size
000000000003a460 0000000000000401 d __cwd
000000000003a864 0000000000000004 d fsdev_fsdevice_cwd
000000000003a868 0000000000000004 d fsdev_fsdevice_default
000000000003a870 00000000000000e0 d fsdev_devoptab
000000000003a950 0000000000000004 V __nx_nv_transfermem_size
000000000003a954 0000000000000004 V __nx_vi_stray_layer_flags
000000000003a958 0000000000000004 d g_viServiceType
000000000003a95c 0000000000000004 d g_ctrl_fd
000000000003a960 0000000000000004 d g_nvmap_fd
000000000003a968 0000000000000008 D _impure_ptr
000000000003a970 0000000000000768 d impure_data
000000000003b0d8 0000000000000008 D _global_impure_ptr
000000000003b0e0 0000000000000008 D __malloc_sbrk_base
000000000003b0e8 0000000000000008 D __malloc_trim_threshold
000000000003b0f0 0000000000000810 D __malloc_av_
000000000003b900 0000000000000008 D environ
000000000003b908 00000000000001a8 D __global_locale
000000000003bab0 0000000000000002 d numempty
000000000003bab8 0000000000000018 D _C_numeric_locale
000000000003bad0 0000000000000004 d defaultDevice
000000000003bad8 0000000000000080 D devoptab_list
000000000003bb58 00000000000000e0 D dotab_stdnull
000000000003bc38 0000000000000400 d _current_working_directory
000000000003c038 0000000000000010 d __stderr_handle
000000000003c048 0000000000000010 d __stdin_handle
000000000003c058 0000000000000010 d __stdout_handle
000000000003c068 0000000000002000 d handles
000000000003e068 D __bss_start__
000000000003e068 D __TMC_END__
000000000003e068 b completed.7870
000000000003e070 b object.7875
000000000003e0a0 0000000000000008 V __nx_applet_PerformanceConfiguration
000000000003e0a8 0000000000000004 V __nx_applet_exit_mode
000000000003e0ac 0000000000000004 b g_appletCpuBoostMode
000000000003e0b0 0000000000000001 b g_appletExitProcessFlag
000000000003e0b8 0000000000000018 b g_appletFirstHook
000000000003e0d0 0000000000000001 b g_appletFocusState
000000000003e0d8 000000000000000c b g_appletIApplicationCreator
000000000003e0e8 000000000000000c b g_appletIAudioController
000000000003e0f8 000000000000000c b g_appletICommonStateGetter
000000000003e108 000000000000000c b g_appletIDebugFunctions
000000000003e118 000000000000000c b g_appletIDisplayController
000000000003e128 000000000000000c b g_appletIFunctions
000000000003e138 000000000000000c b g_appletIGlobalStateController
000000000003e148 000000000000000c b g_appletILibraryAppletCreator
000000000003e158 000000000000000c b g_appletILibraryAppletSelfAccessor
000000000003e168 000000000000000c b g_appletIProcessWindingController
000000000003e178 000000000000000c b g_appletISelfController
000000000003e188 000000000000000c b g_appletIWindowController
000000000003e198 000000000000000c b g_appletLibraryAppletLaunchableEvent
000000000003e1a8 000000000000000c b g_appletMessageEvent
000000000003e1b4 0000000000000001 b g_appletNotifiedRunning
000000000003e1b5 0000000000000001 b g_appletOperationMode
000000000003e1b8 0000000000000004 b g_appletPerformanceMode
000000000003e1c0 000000000000000c b g_appletProxySession
000000000003e1cc 0000000000000004 b g_appletRecordingInitialized
000000000003e1d0 0000000000000028 b g_appletRecordingTmem
000000000003e1f8 0000000000000008 b g_appletResourceUserId
000000000003e200 000000000000000c b g_appletSrv
000000000003e210 0000000000000008 b g_refCnt
000000000003e218 0000000000000050 b g_controllerDown
000000000003e268 00000000000001e0 b g_controllerEntries
000000000003e448 0000000000000190 b g_controllerHeaders
000000000003e5d8 0000000000000050 b g_controllerHeld
000000000003e628 0000000000000028 b g_controllerLayout
000000000003e650 0000000000000050 b g_controllerOld
000000000003e6a0 0000000000000004 b g_controllerP1AutoID
000000000003e6a8 0000000000000050 b g_controllerTimestamps
000000000003e6f8 0000000000000050 b g_controllerUp
000000000003e748 000000000000000c b g_hidIAppletResource
000000000003e758 0000000000000010 b g_hidLock
000000000003e768 0000000000000020 b g_hidSharedmem
000000000003e788 000000000000000c b g_hidSrv
000000000003e798 0000000000000020 b g_keyboardDown
000000000003e7b8 0000000000000038 b g_keyboardEntry
000000000003e7f0 0000000000000020 b g_keyboardHeld
000000000003e810 0000000000000008 b g_keyboardModDown
000000000003e818 0000000000000008 b g_keyboardModHeld
000000000003e820 0000000000000008 b g_keyboardModOld
000000000003e828 0000000000000008 b g_keyboardModUp
000000000003e830 0000000000000020 b g_keyboardOld
000000000003e850 0000000000000008 b g_keyboardTimestamp
000000000003e858 0000000000000020 b g_keyboardUp
000000000003e878 0000000000000400 b g_mouse
000000000003ec78 0000000000000008 b g_mouseDown
000000000003ec80 0000000000000008 b g_mouseEntry
000000000003ec88 0000000000000008 b g_mouseHeld
000000000003ec90 0000000000000008 b g_mouseOld
000000000003ec98 0000000000000008 b g_mouseTimestamp
000000000003eca0 0000000000000008 b g_mouseUp
000000000003eca8 0000000000000008 b g_refCnt
000000000003ecb0 000000000000000a b g_sixaxisEnabled
000000000003ecc0 0000000000004650 b g_sixaxisLayouts
0000000000043310 0000000000000298 b g_touchEntry
00000000000435a8 0000000000000008 b g_touchTimestamp
00000000000435b0 000000000000000c b g_apmISession
00000000000435c0 000000000000000c b g_apmSrv
00000000000435d0 0000000000000008 b g_refCnt
00000000000435d8 0000000000000008 b g_refCnt
00000000000435e0 0000000000000004 b g_smHandle
00000000000435e8 0000000000000200 b g_smOverrides
00000000000437e8 0000000000000008 b g_smOverridesNum
00000000000437f0 0000000000000004 b g_hosVersion
00000000000437f4 0000000000000001 b g_hasRandomSeed
00000000000437f5 0000000000000001 b g_isNso
00000000000437f8 0000000000000004 b g_lastLoadResult
0000000000043800 0000000000000008 b g_loaderRetAddr
0000000000043808 0000000000000004 b g_mainThreadHandle
0000000000043810 0000000000000008 b g_nextLoadArgv
0000000000043818 0000000000000008 b g_nextLoadPath
0000000000043820 0000000000000008 b g_overrideArgv
0000000000043828 0000000000000008 b g_overrideHeapAddr
0000000000043830 0000000000000008 b g_overrideHeapSize
0000000000043838 0000000000000004 b g_processHandle
0000000000043840 0000000000000010 b g_randomSeed
0000000000043850 0000000000000010 b g_syscallHints
0000000000043860 0000000000000058 b currentCopy
00000000000438b8 0000000000000004 b g_Version
00000000000438bc 0000000000000001 b g_VersionCached
00000000000438c0 0000000000000004 b g_VersionMutex
00000000000438c8 0000000000000010 b g_AddressSpace
00000000000438d8 0000000000000008 b g_CurrentAddr
00000000000438e0 0000000000000030 b g_Region
0000000000043910 0000000000000004 b g_VirtMemMutex
0000000000043918 0000000000000078 b g_defaultWin
0000000000043990 0000000000000050 b g_viDisplay
00000000000439e0 0000000000000010 b g_viLayer
00000000000439f0 0000000000000004 V __nx_exception_ignoredebug
0000000000043a00 0000000000000400 V __nx_exception_stack
0000000000043e00 0000000000000008 V __nx_heap_size
0000000000043e08 0000000000000008 b __bootticks
0000000000043e10 0000000000000008 b __boottime
0000000000043e18 0000000000000004 V __nx_time_type
0000000000043e20 0000000000000008 b g_argv_empty
0000000000043e28 0000000000002300 b fsdev_fsdevices
0000000000046128 0000000000000001 b fsdev_initialised
0000000000046130 0000000000000008 b g_nvIpcBufferSize
0000000000046138 000000000000000c b g_nvSrv
0000000000046148 000000000000000c b g_nvSrvClone
0000000000046158 0000000000000028 b g_nvTransfermem
0000000000046180 0000000000000008 b g_refCnt
0000000000046188 0000000000000008 b g_refCnt
0000000000046190 000000000000000c b g_timeLocalSystemClock
00000000000461a0 000000000000000c b g_timeNetworkSystemClock
00000000000461b0 000000000000000c b g_timeSrv
00000000000461c0 000000000000000c b g_timeTimeZoneService
00000000000461d0 000000000000000c b g_timeUserSystemClock
00000000000461e0 0000000000000008 V __nx_vi_layer_id
00000000000461e8 000000000000000c b g_viIApplicationDisplayService
00000000000461f8 000000000000000c b g_viIHOSBinderDriverIndirect
0000000000046208 000000000000000c b g_viIHOSBinderDriverRelay
0000000000046218 000000000000000c b g_viIManagerDisplayService
0000000000046228 000000000000000c b g_viISystemDisplayService
0000000000046238 0000000000000008 b g_refCntSys
0000000000046240 000000000000000c b g_setsysSrv
0000000000046250 000000000000000c b g_fsSrv
0000000000046260 0000000000000008 b g_refCnt
0000000000046268 0000000000000008 b g_NvEventUsedMask
0000000000046270 0000000000000300 b g_NvEvents
0000000000046570 0000000000000008 b g_refCnt
0000000000046578 0000000000000008 b g_refCnt
0000000000046580 0000000000000028 B __malloc_current_mallinfo
00000000000465a8 0000000000000008 B __malloc_max_sbrked_mem
00000000000465b0 0000000000000008 B __malloc_max_total_mem
00000000000465b8 0000000000000008 B __malloc_top_pad
00000000000465c0 000000000000000c b __malloc_recursive_mutex
00000000000465cc 0000000000000004 b alloced.4086
00000000000465d0 000000000000000c B __atexit_recursive_mutex
00000000000465e0 0000000000000008 b initial_env
00000000000465e8 000000000000000c b __env_recursive_mutex
00000000000465f8 000000000000000c b __sfp_recursive_mutex
0000000000046608 000000000000000c b __sinit_recursive_mutex
0000000000046618 0000000000000008 b heap_start.5295
0000000000046620 0000000000000008 B fake_heap_end
0000000000046628 0000000000000008 B fake_heap_start
0000000000046630 0000000000000400 b temp_cwd
0000000000046a30 0000000000000004 b __hndl_lock
0000000000046a40 0000000000000340 B __nx_exceptiondump
0000000000046d80 0000000000000008 B __stack_top
0000000000046d88 0000000000000008 B __system_argv
0000000000046d90 0000000000000004 B __system_argc
0000000000046d98 0000000000000004 B __nxlink_host
0000000000046da0 B __tls_start
000000000004b1a8 B __bss_end__
000000000004b1a8 A __end__
000000000004b1a8 B __tls_end
000000000004c000 A __argdata__
